taal-core/build/intermediates/manifest_merge_blame_file/release/processReleaseManifest/manifest-merger-blame-release-report.txt
1<?xml version="1.0" encoding="utf-8"?>
2<manifest xmlns:android="http://schemas.android.com/apk/res/android"
3    package="com.musediagnostics.taal" >
4
5    <uses-sdk android:minSdkVersion="24" />
6
7    <uses-permission android:name="android.permission.RECORD_AUDIO" />
7-->src\main\AndroidManifest.xml:4:5-71
7-->src\main\AndroidManifest.xml:4:22-68
8    <uses-permission android:name="android.permission.USB_PERMISSION" />
8-->src\main\AndroidManifest.xml:5:5-73
8-->src\main\AndroidManifest.xml:5:22-70
9
10    <uses-feature
10-->src\main\AndroidManifest.xml:7:5-9:36
11        android:name="android.hardware.usb.host"
11-->src\main\AndroidManifest.xml:8:9-49
12        android:required="false" />
12-->src\main\AndroidManifest.xml:9:9-33
13
14</manifest>